Summary of SPARK analysis
=========================

------------------------------------------------------------------------------------------------------
SPARK Analysis results        Total      Flow   Interval   CodePeer     Provers   Justified   Unproved
------------------------------------------------------------------------------------------------------
Data Dependencies                 .         .          .          .           .           .          .
Flow Dependencies                 .         .          .          .           .           .          .
Initialization                    .         .          .          .           .           .          .
Non-Aliasing                      .         .          .          .           .           .          .
Run-time Checks                   .         .          .          .           .           .          .
Assertions                        .         .          .          .           .           .          .
Functional Contracts              6         .          .          .    6 (CVC4)           .          .
LSP Verification                  .         .          .          .           .           .          .
------------------------------------------------------------------------------------------------------
Total                             6         .          .          .    6 (100%)           .          .


Analyzed 1 unit
in unit submarine, 5 subprograms and packages out of 5 analyzed
  SubMarine at submarine.ads:1 flow analyzed (0 errors, 0 checks and 0 warnings) and proved (0 checks)
  SubMarine.closeInnerDoor at submarine.ads:31 flow analyzed (0 errors, 0 checks and 0 warnings) and proved (1 checks)
  SubMarine.closeOuterDoor at submarine.ads:45 flow analyzed (0 errors, 0 checks and 0 warnings) and proved (1 checks)
  SubMarine.openInnerDoor at submarine.ads:24 flow analyzed (0 errors, 0 checks and 0 warnings) and proved (2 checks)
  SubMarine.openOuterDoor at submarine.ads:39 flow analyzed (0 errors, 0 checks and 0 warnings) and proved (2 checks)
